   1              		.cpu arm7tdmi
   2              		.fpu softvfp
   3              		.eabi_attribute 20, 1
   4              		.eabi_attribute 21, 1
   5              		.eabi_attribute 23, 3
   6              		.eabi_attribute 24, 1
   7              		.eabi_attribute 25, 1
   8              		.eabi_attribute 26, 1
   9              		.eabi_attribute 30, 6
  10              		.eabi_attribute 18, 4
  11              		.file	"exception.c"
  21              	.Ltext0:
  22              		.file 1 "../exception.c"
 2689              		.align	2
 2690              		.global	exception_ISR
 2692              	exception_ISR:
 2693              	.LFB0:
   1:../exception.c **** /*********************************************************************************************
   2:../exception.c **** * Fichero:		timer.c
   3:../exception.c **** * Autor:
   4:../exception.c **** * Descrip:		funciones de control del timer0 del s3c44b0x
   5:../exception.c **** * Version:
   6:../exception.c **** *********************************************************************************************/
   7:../exception.c **** 
   8:../exception.c **** #include <inttypes.h>
   9:../exception.c **** 
  10:../exception.c **** /*--- ficheros de cabecera ---*/
  11:../exception.c **** #include "44b.h"
  12:../exception.c **** #include "44blib.h"
  13:../exception.c **** 
  14:../exception.c **** /*--- funciones externas ---*/
  15:../exception.c **** extern void D8Led_symbol(int value);
  16:../exception.c **** 
  17:../exception.c **** /*--- declaracion de funciones ---*/
  18:../exception.c **** void exception_ISR(void) __attribute__((interrupt("SWI")));
  19:../exception.c **** void exception_init(void);
  20:../exception.c **** 
  21:../exception.c **** /*--- codigo de las funciones ---*/
  22:../exception.c **** void exception_ISR(void)
  23:../exception.c **** {
 2694              		.loc 1 23 0
 2695              		.cfi_startproc
 2696              		@ ARM Exception Handler.
 2697              		@ args = 0, pretend = 0, frame = 8
 2698              		@ frame_needed = 1, uses_anonymous_args = 0
 2699 0000 04C02DE5 		str	ip, [sp, #-4]!
 2700 0004 0DC0A0E1 		mov	ip, sp
 2701              	.LCFI0:
 2702              		.cfi_def_cfa_register 12
 2703 0008 1FD82DE9 		stmfd	sp!, {r0, r1, r2, r3, r4, fp, ip, lr, pc}
 2704 000c 04B04CE2 		sub	fp, ip, #4
 2705              		.cfi_offset 14, -8
 2706              		.cfi_offset 13, -12
 2707              		.cfi_offset 11, -16
 2708              		.cfi_offset 4, -20
 2709              		.cfi_offset 3, -24
 2710              		.cfi_offset 2, -28
 2711              		.cfi_offset 1, -32
 2712              		.cfi_offset 0, -36
 2713              	.LCFI1:
 2714              		.cfi_def_cfa 11, 4
 2715 0010 0CD04DE2 		sub	sp, sp, #12
  24:../exception.c **** 	//parpadear=1 ;
  25:../exception.c **** 	uint32_t code=0;
 2716              		.loc 1 25 0
 2717 0014 0030A0E3 		mov	r3, #0
 2718 0018 28300BE5 		str	r3, [fp, #-40]
  26:../exception.c **** /**
  27:../exception.c **** 	asm volatile(
  28:../exception.c **** 		"mrs %[CPSR], cpsr" : [CPSR] "=r" (codigo)
  29:../exception.c **** 	);
  30:../exception.c **** */
  31:../exception.c **** 	asm volatile(
 2719              		.loc 1 31 0
 2720 001c 28301BE5 		ldr	r3, [fp, #-40]
 2721 0020 0340A0E1 		mov	r4, r3
 2722              	@ 31 "../exception.c" 1
 2723 0024 00400FE1 		mrs r4, CPSR
 2724 0028 1F4004E2 		and r4, r4, #0x1F
 2725              		
 2726              	@ 0 "" 2
 2727 002c 28400BE5 		str	r4, [fp, #-40]
  32:../exception.c **** 			"mrs %[code], CPSR\n\t"
  33:../exception.c **** 			"and %[code], %[code], #0x1F\n\t"
  34:../exception.c **** 			: [code] "+r" (code)
  35:../exception.c **** 	);
  36:../exception.c **** 
  37:../exception.c **** 	switch(code){
 2728              		.loc 1 37 0
 2729 0030 28301BE5 		ldr	r3, [fp, #-40]
 2730 0034 170053E3 		cmp	r3, #23
 2731 0038 0600000A 		beq	.L4
 2732 003c 1B0053E3 		cmp	r3, #27
 2733 0040 0700000A 		beq	.L5
 2734 0044 130053E3 		cmp	r3, #19
 2735 0048 0800001A 		bne	.L7
 2736              	.L3:
  38:../exception.c **** 		case 19:
  39:../exception.c **** 			code=1;
 2737              		.loc 1 39 0
 2738 004c 0130A0E3 		mov	r3, #1
 2739 0050 28300BE5 		str	r3, [fp, #-40]
  40:../exception.c **** 			break;
 2740              		.loc 1 40 0
 2741 0054 080000EA 		b	.L6
 2742              	.L4:
  41:../exception.c **** 		case 23:
  42:../exception.c **** 			code=2;
 2743              		.loc 1 42 0
 2744 0058 0230A0E3 		mov	r3, #2
 2745 005c 28300BE5 		str	r3, [fp, #-40]
  43:../exception.c **** 			break;
 2746              		.loc 1 43 0
 2747 0060 050000EA 		b	.L6
 2748              	.L5:
  44:../exception.c **** 		case 27:
  45:../exception.c **** 			code=3;
 2749              		.loc 1 45 0
 2750 0064 0330A0E3 		mov	r3, #3
 2751 0068 28300BE5 		str	r3, [fp, #-40]
  46:../exception.c **** 			break;
 2752              		.loc 1 46 0
 2753 006c 020000EA 		b	.L6
 2754              	.L7:
  47:../exception.c **** 		default:
  48:../exception.c **** 			code=4;
 2755              		.loc 1 48 0
 2756 0070 0430A0E3 		mov	r3, #4
 2757 0074 28300BE5 		str	r3, [fp, #-40]
  49:../exception.c **** 		break;
 2758              		.loc 1 49 0
 2759 0078 0000A0E1 		mov	r0, r0	@ nop
 2760              	.L6:
  50:../exception.c **** 	}
  51:../exception.c **** 	//codigo=codigo & 0x1F;
  52:../exception.c **** 	while(1){
  53:../exception.c **** 		Delay(4000);
 2761              		.loc 1 53 0 discriminator 1
 2762 007c FA0EA0E3 		mov	r0, #4000
 2763 0080 FEFFFFEB 		bl	Delay
  54:../exception.c **** 		D8Led_symbol(16);
 2764              		.loc 1 54 0 discriminator 1
 2765 0084 1000A0E3 		mov	r0, #16
 2766 0088 FEFFFFEB 		bl	D8Led_symbol
  55:../exception.c **** 		Delay(4000);
 2767              		.loc 1 55 0 discriminator 1
 2768 008c FA0EA0E3 		mov	r0, #4000
 2769 0090 FEFFFFEB 		bl	Delay
  56:../exception.c **** 		D8Led_symbol(code);
 2770              		.loc 1 56 0 discriminator 1
 2771 0094 28301BE5 		ldr	r3, [fp, #-40]
 2772 0098 0300A0E1 		mov	r0, r3
 2773 009c FEFFFFEB 		bl	D8Led_symbol
  57:../exception.c **** 	}
 2774              		.loc 1 57 0 discriminator 1
 2775 00a0 F5FFFFEA 		b	.L6
 2776              		.cfi_endproc
 2777              	.LFE0:
 2779              		.align	2
 2780              		.global	exception_init
 2782              	exception_init:
 2783              	.LFB1:
  58:../exception.c **** }
  59:../exception.c **** 
  60:../exception.c **** void exception_init(void)
  61:../exception.c **** {
 2784              		.loc 1 61 0
 2785              		.cfi_startproc
 2786              		@ Function supports interworking.
 2787              		@ args = 0, pretend = 0, frame = 0
 2788              		@ frame_needed = 1, uses_anonymous_args = 0
 2789 00a4 0DC0A0E1 		mov	ip, sp
 2790              	.LCFI2:
 2791              		.cfi_def_cfa_register 12
 2792 00a8 00D82DE9 		stmfd	sp!, {fp, ip, lr, pc}
 2793 00ac 04B04CE2 		sub	fp, ip, #4
 2794              		.cfi_offset 14, -8
 2795              		.cfi_offset 13, -12
 2796              		.cfi_offset 11, -16
 2797              	.LCFI3:
 2798              		.cfi_def_cfa 11, 4
  62:../exception.c **** 
  63:../exception.c **** 	//se escribe la direccion de la funcion en el elemento correspondiente a undef
  64:../exception.c **** 	//en la tabla de vectores
  65:../exception.c **** 
  66:../exception.c **** 	pISR_UNDEF = (unsigned) exception_ISR;
 2799              		.loc 1 66 0
 2800 00b0 34309FE5 		ldr	r3, .L9
 2801 00b4 34209FE5 		ldr	r2, .L9+4
 2802 00b8 002083E5 		str	r2, [r3, #0]
  67:../exception.c **** 	pISR_SWI = (unsigned) exception_ISR;
 2803              		.loc 1 67 0
 2804 00bc 30309FE5 		ldr	r3, .L9+8
 2805 00c0 28209FE5 		ldr	r2, .L9+4
 2806 00c4 002083E5 		str	r2, [r3, #0]
  68:../exception.c **** 	pISR_PABORT = (unsigned) exception_ISR;
 2807              		.loc 1 68 0
 2808 00c8 28309FE5 		ldr	r3, .L9+12
 2809 00cc 1C209FE5 		ldr	r2, .L9+4
 2810 00d0 002083E5 		str	r2, [r3, #0]
  69:../exception.c **** 	pISR_DABORT = (unsigned) exception_ISR;
 2811              		.loc 1 69 0
 2812 00d4 20309FE5 		ldr	r3, .L9+16
 2813 00d8 10209FE5 		ldr	r2, .L9+4
 2814 00dc 002083E5 		str	r2, [r3, #0]
  70:../exception.c **** 
  71:../exception.c **** }
 2815              		.loc 1 71 0
 2816 00e0 0CD04BE2 		sub	sp, fp, #12
 2817 00e4 00689DE8 		ldmfd	sp, {fp, sp, lr}
 2818 00e8 1EFF2FE1 		bx	lr
 2819              	.L10:
 2820              		.align	2
 2821              	.L9:
 2822 00ec 04FF7F0C 		.word	209714948
 2823 00f0 00000000 		.word	exception_ISR
 2824 00f4 08FF7F0C 		.word	209714952
 2825 00f8 0CFF7F0C 		.word	209714956
 2826 00fc 10FF7F0C 		.word	209714960
 2827              		.cfi_endproc
 2828              	.LFE1:
 2830              	.Letext0:
DEFINED SYMBOLS
                            *ABS*:00000000 exception.c
C:\Users\a680182\AppData\Local\Temp\ccxVlqKc.s:2689   .text:00000000 $a
C:\Users\a680182\AppData\Local\Temp\ccxVlqKc.s:2692   .text:00000000 exception_ISR
C:\Users\a680182\AppData\Local\Temp\ccxVlqKc.s:2782   .text:000000a4 exception_init
C:\Users\a680182\AppData\Local\Temp\ccxVlqKc.s:2822   .text:000000ec $d
                     .debug_frame:00000010 $d

UNDEFINED SYMBOLS
Delay
D8Led_symbol
